# JRE version: OpenJDK Runtime Environment Microsoft-8035250 (11.0.20+8) (build 11.0.20+8-LTS)
# Java VM: OpenJDK 64-Bit Server VM Microsoft-8035250 (11.0.20+8-LTS, mixed mode, tiered, compressed oops, g1 gc, windows-amd64)
Heap:
 garbage-first heap   total 122880K, used 83355K [0x0000000080000000, 0x0000000100000000)
  region size 1024K, 63 young (64512K), 6 survivors (6144K)
 Metaspace       used 40949K, capacity 42040K, committed 42320K, reserved 552960K
  class space    used 5130K, capacity 5532K, committed 5632K, reserved 516096K
GC Heap History (12 events):
Event: 4.818 GC heap before
{Heap before GC invocations=0 (full 0):
 garbage-first heap   total 122880K, used 27648K [0x0000000080000000, 0x0000000100000000)
  region size 1024K, 24 young (24576K), 0 survivors (0K)
 Metaspace       used 10133K, capacity 10339K, committed 10624K, reserved 526336K
  class space    used 1027K, capacity 1106K, committed 1152K, reserved 516096K
}
Event: 4.831 GC heap after
{Heap after GC invocations=1 (full 0):
 garbage-first heap   total 122880K, used 10312K [0x0000000080000000, 0x0000000100000000)
  region size 1024K, 3 young (3072K), 3 survivors (3072K)
 Metaspace       used 10133K, capacity 10339K, committed 10624K, reserved 526336K
  class space    used 1027K, capacity 1106K, committed 1152K, reserved 516096K
}
Event: 30.533 GC heap before
{Heap before GC invocations=1 (full 0):
 garbage-first heap   total 122880K, used 81992K [0x0000000080000000, 0x0000000100000000)
  region size 1024K, 72 young (73728K), 3 survivors (3072K)
 Metaspace       used 18278K, capacity 18629K, committed 18944K, reserved 534528K
  class space    used 2077K, capacity 2210K, committed 2304K, reserved 516096K
}
Event: 30.594 GC heap after
{Heap after GC invocations=2 (full 0):
 garbage-first heap   total 122880K, used 17901K [0x0000000080000000, 0x0000000100000000)
  region size 1024K, 9 young (9216K), 9 survivors (9216K)
 Metaspace       used 18278K, capacity 18629K, committed 18944K, reserved 534528K
  class space    used 2077K, capacity 2210K, committed 2304K, reserved 516096K
}
Event: 31.333 GC heap before
{Heap before GC invocations=2 (full 0):
 garbage-first heap   total 122880K, used 36333K [0x0000000080000000, 0x0000000100000000)
  region size 1024K, 29 young (29696K), 9 survivors (9216K)
 Metaspace       used 20776K, capacity 21142K, committed 21296K, reserved 536576K
  class space    used 2455K, capacity 2608K, committed 2688K, reserved 516096K
}
Event: 31.345 GC heap after
{Heap after GC invocations=3 (full 0):
 garbage-first heap   total 122880K, used 18454K [0x0000000080000000, 0x0000000100000000)
  region size 1024K, 1 young (1024K), 1 survivors (1024K)
 Metaspace       used 20776K, capacity 21142K, committed 21296K, reserved 536576K
  class space    used 2455K, capacity 2608K, committed 2688K, reserved 516096K
}
Event: 33.136 GC heap before
{Heap before GC invocations=4 (full 0):
 garbage-first heap   total 122880K, used 66582K [0x0000000080000000, 0x0000000100000000)
  region size 1024K, 48 young (49152K), 1 survivors (1024K)
 Metaspace       used 25191K, capacity 25758K, committed 25904K, reserved 538624K
  class space    used 3155K, capacity 3384K, committed 3456K, reserved 516096K
}
Event: 33.141 GC heap after
{Heap after GC invocations=5 (full 0):
 garbage-first heap   total 122880K, used 19976K [0x0000000080000000, 0x0000000100000000)
  region size 1024K, 3 young (3072K), 3 survivors (3072K)
 Metaspace       used 25191K, capacity 25758K, committed 25904K, reserved 538624K
  class space    used 3155K, capacity 3384K, committed 3456K, reserved 516096K
}
Event: 36.044 GC heap before
{Heap before GC invocations=5 (full 0):
 garbage-first heap   total 122880K, used 73224K [0x0000000080000000, 0x0000000100000000)
  region size 1024K, 55 young (56320K), 3 survivors (3072K)
 Metaspace       used 30357K, capacity 31135K, committed 31408K, reserved 544768K
  class space    used 3952K, capacity 4247K, committed 4352K, reserved 516096K
}
Event: 36.049 GC heap after
{Heap after GC invocations=6 (full 0):
 garbage-first heap   total 122880K, used 21775K [0x0000000080000000, 0x0000000100000000)
  region size 1024K, 5 young (5120K), 5 survivors (5120K)
 Metaspace       used 30357K, capacity 31135K, committed 31408K, reserved 544768K
  class space    used 3952K, capacity 4247K, committed 4352K, reserved 516096K
}
Event: 40.302 GC heap before
{Heap before GC invocations=6 (full 0):
 garbage-first heap   total 122880K, used 48399K [0x0000000080000000, 0x0000000100000000)
  region size 1024K, 32 young (32768K), 5 survivors (5120K)
 Metaspace       used 34980K, capacity 35832K, committed 35920K, reserved 548864K
  class space    used 4450K, capacity 4814K, committed 4864K, reserved 516096K
}
Event: 40.318 GC heap after
{Heap after GC invocations=7 (full 0):
 garbage-first heap   total 122880K, used 23963K [0x0000000080000000, 0x0000000100000000)
  region size 1024K, 6 young (6144K), 6 survivors (6144K)
 Metaspace       used 34980K, capacity 35832K, committed 35920K, reserved 548864K
  class space    used 4450K, capacity 4814K, committed 4864K, reserved 516096K
}

