# JRE version: OpenJDK Runtime Environment Microsoft-8035250 (11.0.20+8) (build 11.0.20+8-LTS)
# Java VM: OpenJDK 64-Bit Server VM Microsoft-8035250 (11.0.20+8-LTS, mixed mode, tiered, compressed oops, g1 gc, windows-amd64)
Heap:
 garbage-first heap   total 122880K, used 28283K [0x0000000080000000, 0x0000000100000000)
  region size 1024K, 7 young (7168K), 7 survivors (7168K)
 Metaspace       used 40614K, capacity 41611K, committed 41680K, reserved 561152K
  class space    used 5072K, capacity 5461K, committed 5504K, reserved 516096K
GC Heap History (14 events):
Event: 5.638 GC heap before
{Heap before GC invocations=0 (full 0):
 garbage-first heap   total 122880K, used 27648K [0x0000000080000000, 0x0000000100000000)
  region size 1024K, 24 young (24576K), 0 survivors (0K)
 Metaspace       used 10137K, capacity 10387K, committed 10624K, reserved 526336K
  class space    used 1030K, capacity 1106K, committed 1152K, reserved 516096K
}
Event: 5.657 GC heap after
{Heap after GC invocations=1 (full 0):
 garbage-first heap   total 122880K, used 10578K [0x0000000080000000, 0x0000000100000000)
  region size 1024K, 3 young (3072K), 3 survivors (3072K)
 Metaspace       used 10137K, capacity 10387K, committed 10624K, reserved 526336K
  class space    used 1030K, capacity 1106K, committed 1152K, reserved 516096K
}
Event: 31.997 GC heap before
{Heap before GC invocations=1 (full 0):
 garbage-first heap   total 122880K, used 82258K [0x0000000080000000, 0x0000000100000000)
  region size 1024K, 72 young (73728K), 3 survivors (3072K)
 Metaspace       used 18309K, capacity 18677K, committed 18944K, reserved 534528K
  class space    used 2081K, capacity 2210K, committed 2304K, reserved 516096K
}
Event: 32.065 GC heap after
{Heap after GC invocations=2 (full 0):
 garbage-first heap   total 122880K, used 17930K [0x0000000080000000, 0x0000000100000000)
  region size 1024K, 9 young (9216K), 9 survivors (9216K)
 Metaspace       used 18309K, capacity 18677K, committed 18944K, reserved 534528K
  class space    used 2081K, capacity 2210K, committed 2304K, reserved 516096K
}
Event: 34.184 GC heap before
{Heap before GC invocations=2 (full 0):
 garbage-first heap   total 122880K, used 34314K [0x0000000080000000, 0x0000000100000000)
  region size 1024K, 27 young (27648K), 9 survivors (9216K)
 Metaspace       used 20720K, capacity 21126K, committed 21296K, reserved 536576K
  class space    used 2439K, capacity 2608K, committed 2688K, reserved 516096K
}
Event: 34.194 GC heap after
{Heap after GC invocations=3 (full 0):
 garbage-first heap   total 122880K, used 18684K [0x0000000080000000, 0x0000000100000000)
  region size 1024K, 1 young (1024K), 1 survivors (1024K)
 Metaspace       used 20720K, capacity 21126K, committed 21296K, reserved 536576K
  class space    used 2439K, capacity 2608K, committed 2688K, reserved 516096K
}
Event: 36.945 GC heap before
{Heap before GC invocations=4 (full 0):
 garbage-first heap   total 122880K, used 61692K [0x0000000080000000, 0x0000000100000000)
  region size 1024K, 43 young (44032K), 1 survivors (1024K)
 Metaspace       used 24900K, capacity 25481K, committed 25520K, reserved 538624K
  class space    used 3100K, capacity 3318K, committed 3328K, reserved 516096K
}
Event: 36.950 GC heap after
{Heap after GC invocations=5 (full 0):
 garbage-first heap   total 122880K, used 20151K [0x0000000080000000, 0x0000000100000000)
  region size 1024K, 3 young (3072K), 3 survivors (3072K)
 Metaspace       used 24900K, capacity 25481K, committed 25520K, reserved 538624K
  class space    used 3100K, capacity 3318K, committed 3328K, reserved 516096K
}
Event: 41.191 GC heap before
{Heap before GC invocations=5 (full 0):
 garbage-first heap   total 122880K, used 68279K [0x0000000080000000, 0x0000000100000000)
  region size 1024K, 50 young (51200K), 3 survivors (3072K)
 Metaspace       used 29599K, capacity 30375K, committed 30512K, reserved 542720K
  class space    used 3833K, capacity 4126K, committed 4224K, reserved 516096K
}
Event: 41.197 GC heap after
{Heap after GC invocations=6 (full 0):
 garbage-first heap   total 122880K, used 21825K [0x0000000080000000, 0x0000000100000000)
  region size 1024K, 4 young (4096K), 4 survivors (4096K)
 Metaspace       used 29599K, capacity 30375K, committed 30512K, reserved 542720K
  class space    used 3833K, capacity 4126K, committed 4224K, reserved 516096K
}
Event: 46.377 GC heap before
{Heap before GC invocations=6 (full 0):
 garbage-first heap   total 122880K, used 58689K [0x0000000080000000, 0x0000000100000000)
  region size 1024K, 41 young (41984K), 4 survivors (4096K)
 Metaspace       used 34934K, capacity 35819K, committed 35920K, reserved 548864K
  class space    used 4450K, capacity 4814K, committed 4864K, reserved 516096K
}
Event: 46.394 GC heap after
{Heap after GC invocations=7 (full 0):
 garbage-first heap   total 122880K, used 24275K [0x0000000080000000, 0x0000000100000000)
  region size 1024K, 6 young (6144K), 6 survivors (6144K)
 Metaspace       used 34934K, capacity 35819K, committed 35920K, reserved 548864K
  class space    used 4450K, capacity 4814K, committed 4864K, reserved 516096K
}
Event: 53.173 GC heap before
{Heap before GC invocations=8 (full 0):
 garbage-first heap   total 122880K, used 73427K [0x0000000080000000, 0x0000000100000000)
  region size 1024K, 52 young (53248K), 6 survivors (6144K)
 Metaspace       used 40614K, capacity 41611K, committed 41680K, reserved 559104K
  class space    used 5072K, capacity 5461K, committed 5504K, reserved 516096K
}
Event: 53.263 GC heap after
{Heap after GC invocations=9 (full 0):
 garbage-first heap   total 122880K, used 28283K [0x0000000080000000, 0x0000000100000000)
  region size 1024K, 7 young (7168K), 7 survivors (7168K)
 Metaspace       used 40614K, capacity 41611K, committed 41680K, reserved 559104K
  class space    used 5072K, capacity 5461K, committed 5504K, reserved 516096K
}

