# JRE version: OpenJDK Runtime Environment Microsoft-8035250 (11.0.20+8) (build 11.0.20+8-LTS)
# Java VM: OpenJDK 64-Bit Server VM Microsoft-8035250 (11.0.20+8-LTS, mixed mode, tiered, compressed oops, g1 gc, windows-amd64)
Heap:
 garbage-first heap   total 122880K, used 56979K [0x0000000080000000, 0x0000000100000000)
  region size 1024K, 39 young (39936K), 6 survivors (6144K)
 Metaspace       used 38715K, capacity 39704K, committed 40016K, reserved 552960K
  class space    used 4912K, capacity 5298K, committed 5376K, reserved 516096K
GC Heap History (12 events):
Event: 5.406 GC heap before
{Heap before GC invocations=0 (full 0):
 garbage-first heap   total 122880K, used 27648K [0x0000000080000000, 0x0000000100000000)
  region size 1024K, 24 young (24576K), 0 survivors (0K)
 Metaspace       used 10136K, capacity 10387K, committed 10624K, reserved 526336K
  class space    used 1030K, capacity 1106K, committed 1152K, reserved 516096K
}
Event: 5.565 GC heap after
{Heap after GC invocations=1 (full 0):
 garbage-first heap   total 122880K, used 10577K [0x0000000080000000, 0x0000000100000000)
  region size 1024K, 3 young (3072K), 3 survivors (3072K)
 Metaspace       used 10136K, capacity 10387K, committed 10624K, reserved 526336K
  class space    used 1030K, capacity 1106K, committed 1152K, reserved 516096K
}
Event: 33.449 GC heap before
{Heap before GC invocations=1 (full 0):
 garbage-first heap   total 122880K, used 82257K [0x0000000080000000, 0x0000000100000000)
  region size 1024K, 72 young (73728K), 3 survivors (3072K)
 Metaspace       used 18493K, capacity 18837K, committed 18944K, reserved 534528K
  class space    used 2111K, capacity 2242K, committed 2304K, reserved 516096K
}
Event: 33.678 GC heap after
{Heap after GC invocations=2 (full 0):
 garbage-first heap   total 122880K, used 17900K [0x0000000080000000, 0x0000000100000000)
  region size 1024K, 9 young (9216K), 9 survivors (9216K)
 Metaspace       used 18493K, capacity 18837K, committed 18944K, reserved 534528K
  class space    used 2111K, capacity 2242K, committed 2304K, reserved 516096K
}
Event: 36.518 GC heap before
{Heap before GC invocations=2 (full 0):
 garbage-first heap   total 122880K, used 33260K [0x0000000080000000, 0x0000000100000000)
  region size 1024K, 26 young (26624K), 9 survivors (9216K)
 Metaspace       used 20706K, capacity 21126K, committed 21296K, reserved 536576K
  class space    used 2438K, capacity 2608K, committed 2688K, reserved 516096K
}
Event: 36.532 GC heap after
{Heap after GC invocations=3 (full 0):
 garbage-first heap   total 122880K, used 18484K [0x0000000080000000, 0x0000000100000000)
  region size 1024K, 1 young (1024K), 1 survivors (1024K)
 Metaspace       used 20706K, capacity 21126K, committed 21296K, reserved 536576K
  class space    used 2438K, capacity 2608K, committed 2688K, reserved 516096K
}
Event: 40.646 GC heap before
{Heap before GC invocations=4 (full 0):
 garbage-first heap   total 122880K, used 60468K [0x0000000080000000, 0x0000000100000000)
  region size 1024K, 42 young (43008K), 1 survivors (1024K)
 Metaspace       used 24917K, capacity 25481K, committed 25520K, reserved 538624K
  class space    used 3099K, capacity 3318K, committed 3328K, reserved 516096K
}
Event: 40.650 GC heap after
{Heap after GC invocations=5 (full 0):
 garbage-first heap   total 122880K, used 19942K [0x0000000080000000, 0x0000000100000000)
  region size 1024K, 3 young (3072K), 3 survivors (3072K)
 Metaspace       used 24917K, capacity 25481K, committed 25520K, reserved 538624K
  class space    used 3099K, capacity 3318K, committed 3328K, reserved 516096K
}
Event: 46.162 GC heap before
{Heap before GC invocations=5 (full 0):
 garbage-first heap   total 122880K, used 67046K [0x0000000080000000, 0x0000000100000000)
  region size 1024K, 49 young (50176K), 3 survivors (3072K)
 Metaspace       used 29394K, capacity 30048K, committed 30128K, reserved 542720K
  class space    used 3795K, capacity 4059K, committed 4096K, reserved 516096K
}
Event: 46.169 GC heap after
{Heap after GC invocations=6 (full 0):
 garbage-first heap   total 122880K, used 21717K [0x0000000080000000, 0x0000000100000000)
  region size 1024K, 4 young (4096K), 4 survivors (4096K)
 Metaspace       used 29394K, capacity 30048K, committed 30128K, reserved 542720K
  class space    used 3795K, capacity 4059K, committed 4096K, reserved 516096K
}
Event: 50.128 GC heap before
{Heap before GC invocations=6 (full 0):
 garbage-first heap   total 122880K, used 60629K [0x0000000080000000, 0x0000000100000000)
  region size 1024K, 43 young (44032K), 4 survivors (4096K)
 Metaspace       used 34985K, capacity 35820K, committed 35920K, reserved 548864K
  class space    used 4451K, capacity 4814K, committed 4864K, reserved 516096K
}
Event: 50.150 GC heap after
{Heap after GC invocations=7 (full 0):
 garbage-first heap   total 122880K, used 24211K [0x0000000080000000, 0x0000000100000000)
  region size 1024K, 6 young (6144K), 6 survivors (6144K)
 Metaspace       used 34985K, capacity 35820K, committed 35920K, reserved 548864K
  class space    used 4451K, capacity 4814K, committed 4864K, reserved 516096K
}

