# JRE version: OpenJDK Runtime Environment Microsoft-8035250 (11.0.20+8) (build 11.0.20+8-LTS)
# Java VM: OpenJDK 64-Bit Server VM Microsoft-8035250 (11.0.20+8-LTS, mixed mode, tiered, compressed oops, g1 gc, windows-amd64)
Heap:
 garbage-first heap   total 122880K, used 22997K [0x0000000080000000, 0x0000000100000000)
  region size 1024K, 5 young (5120K), 5 survivors (5120K)
 Metaspace       used 32080K, capacity 32783K, committed 32816K, reserved 557056K
  class space    used 4193K, capacity 4479K, committed 4480K, reserved 516096K
GC Heap History (10 events):
Event: 3.756 GC heap before
{Heap before GC invocations=0 (full 0):
 garbage-first heap   total 122880K, used 27648K [0x0000000080000000, 0x0000000100000000)
  region size 1024K, 24 young (24576K), 0 survivors (0K)
 Metaspace       used 10141K, capacity 10395K, committed 10624K, reserved 526336K
  class space    used 1030K, capacity 1106K, committed 1152K, reserved 516096K
}
Event: 3.843 GC heap after
{Heap after GC invocations=1 (full 0):
 garbage-first heap   total 122880K, used 10576K [0x0000000080000000, 0x0000000100000000)
  region size 1024K, 3 young (3072K), 3 survivors (3072K)
 Metaspace       used 10141K, capacity 10395K, committed 10624K, reserved 526336K
  class space    used 1030K, capacity 1106K, committed 1152K, reserved 516096K
}
Event: 34.654 GC heap before
{Heap before GC invocations=1 (full 0):
 garbage-first heap   total 122880K, used 81232K [0x0000000080000000, 0x0000000100000000)
  region size 1024K, 72 young (73728K), 3 survivors (3072K)
 Metaspace       used 18306K, capacity 18685K, committed 18944K, reserved 534528K
  class space    used 2083K, capacity 2210K, committed 2304K, reserved 516096K
}
Event: 34.824 GC heap after
{Heap after GC invocations=2 (full 0):
 garbage-first heap   total 122880K, used 17685K [0x0000000080000000, 0x0000000100000000)
  region size 1024K, 9 young (9216K), 9 survivors (9216K)
 Metaspace       used 18306K, capacity 18685K, committed 18944K, reserved 534528K
  class space    used 2083K, capacity 2210K, committed 2304K, reserved 516096K
}
Event: 39.094 GC heap before
{Heap before GC invocations=2 (full 0):
 garbage-first heap   total 122880K, used 35093K [0x0000000080000000, 0x0000000100000000)
  region size 1024K, 27 young (27648K), 9 survivors (9216K)
 Metaspace       used 20755K, capacity 21134K, committed 21296K, reserved 536576K
  class space    used 2440K, capacity 2608K, committed 2688K, reserved 516096K
}
Event: 39.114 GC heap after
{Heap after GC invocations=3 (full 0):
 garbage-first heap   total 122880K, used 18848K [0x0000000080000000, 0x0000000100000000)
  region size 1024K, 1 young (1024K), 1 survivors (1024K)
 Metaspace       used 20755K, capacity 21134K, committed 21296K, reserved 536576K
  class space    used 2440K, capacity 2608K, committed 2688K, reserved 516096K
}
Event: 47.853 GC heap before
{Heap before GC invocations=4 (full 0):
 garbage-first heap   total 122880K, used 61856K [0x0000000080000000, 0x0000000100000000)
  region size 1024K, 43 young (44032K), 1 survivors (1024K)
 Metaspace       used 24957K, capacity 25554K, committed 25776K, reserved 538624K
  class space    used 3109K, capacity 3318K, committed 3328K, reserved 516096K
}
Event: 47.858 GC heap after
{Heap after GC invocations=5 (full 0):
 garbage-first heap   total 122880K, used 20314K [0x0000000080000000, 0x0000000100000000)
  region size 1024K, 3 young (3072K), 3 survivors (3072K)
 Metaspace       used 24957K, capacity 25554K, committed 25776K, reserved 538624K
  class space    used 3109K, capacity 3318K, committed 3328K, reserved 516096K
}
Event: 52.346 GC heap before
{Heap before GC invocations=5 (full 0):
 garbage-first heap   total 122880K, used 68442K [0x0000000080000000, 0x0000000100000000)
  region size 1024K, 50 young (51200K), 3 survivors (3072K)
 Metaspace       used 29690K, capacity 30391K, committed 30512K, reserved 542720K
  class space    used 3844K, capacity 4128K, committed 4224K, reserved 516096K
}
Event: 52.354 GC heap after
{Heap after GC invocations=6 (full 0):
 garbage-first heap   total 122880K, used 21964K [0x0000000080000000, 0x0000000100000000)
  region size 1024K, 4 young (4096K), 4 survivors (4096K)
 Metaspace       used 29690K, capacity 30391K, committed 30512K, reserved 542720K
  class space    used 3844K, capacity 4128K, committed 4224K, reserved 516096K
}

