# JRE version: OpenJDK Runtime Environment Microsoft-8035250 (11.0.20+8) (build 11.0.20+8-LTS)
# Java VM: OpenJDK 64-Bit Server VM Microsoft-8035250 (11.0.20+8-LTS, mixed mode, tiered, compressed oops, g1 gc, windows-amd64)
Heap:
 garbage-first heap   total 122880K, used 39674K [0x0000000080000000, 0x0000000100000000)
  region size 1024K, 19 young (19456K), 7 survivors (7168K)
 Metaspace       used 40987K, capacity 42095K, committed 42320K, reserved 552960K
  class space    used 5132K, capacity 5535K, committed 5632K, reserved 516096K
GC Heap History (16 events):
Event: 6.014 GC heap before
{Heap before GC invocations=0 (full 0):
 garbage-first heap   total 122880K, used 27648K [0x0000000080000000, 0x0000000100000000)
  region size 1024K, 24 young (24576K), 0 survivors (0K)
 Metaspace       used 10142K, capacity 10391K, committed 10624K, reserved 526336K
  class space    used 1030K, capacity 1106K, committed 1152K, reserved 516096K
}
Event: 6.034 GC heap after
{Heap after GC invocations=1 (full 0):
 garbage-first heap   total 122880K, used 10580K [0x0000000080000000, 0x0000000100000000)
  region size 1024K, 3 young (3072K), 3 survivors (3072K)
 Metaspace       used 10142K, capacity 10391K, committed 10624K, reserved 526336K
  class space    used 1030K, capacity 1106K, committed 1152K, reserved 516096K
}
Event: 29.213 GC heap before
{Heap before GC invocations=1 (full 0):
 garbage-first heap   total 122880K, used 82260K [0x0000000080000000, 0x0000000100000000)
  region size 1024K, 72 young (73728K), 3 survivors (3072K)
 Metaspace       used 18520K, capacity 18841K, committed 18944K, reserved 534528K
  class space    used 2114K, capacity 2242K, committed 2304K, reserved 516096K
}
Event: 29.286 GC heap after
{Heap after GC invocations=2 (full 0):
 garbage-first heap   total 122880K, used 17950K [0x0000000080000000, 0x0000000100000000)
  region size 1024K, 9 young (9216K), 9 survivors (9216K)
 Metaspace       used 18520K, capacity 18841K, committed 18944K, reserved 534528K
  class space    used 2114K, capacity 2242K, committed 2304K, reserved 516096K
}
Event: 31.671 GC heap before
{Heap before GC invocations=2 (full 0):
 garbage-first heap   total 122880K, used 28190K [0x0000000080000000, 0x0000000100000000)
  region size 1024K, 19 young (19456K), 9 survivors (9216K)
 Metaspace       used 20244K, capacity 20694K, committed 20736K, reserved 534528K
  class space    used 2351K, capacity 2524K, committed 2560K, reserved 516096K
}
Event: 31.682 GC heap after
{Heap after GC invocations=3 (full 0):
 garbage-first heap   total 122880K, used 18505K [0x0000000080000000, 0x0000000100000000)
  region size 1024K, 1 young (1024K), 1 survivors (1024K)
 Metaspace       used 20244K, capacity 20694K, committed 20736K, reserved 534528K
  class space    used 2351K, capacity 2524K, committed 2560K, reserved 516096K
}
Event: 32.158 GC heap before
{Heap before GC invocations=3 (full 0):
 garbage-first heap   total 122880K, used 24649K [0x0000000080000000, 0x0000000100000000)
  region size 1024K, 8 young (8192K), 1 survivors (1024K)
 Metaspace       used 20734K, capacity 21130K, committed 21296K, reserved 536576K
  class space    used 2441K, capacity 2608K, committed 2688K, reserved 516096K
}
Event: 32.161 GC heap after
{Heap after GC invocations=4 (full 0):
 garbage-first heap   total 122880K, used 18607K [0x0000000080000000, 0x0000000100000000)
  region size 1024K, 1 young (1024K), 1 survivors (1024K)
 Metaspace       used 20734K, capacity 21130K, committed 21296K, reserved 536576K
  class space    used 2441K, capacity 2608K, committed 2688K, reserved 516096K
}
Event: 35.786 GC heap before
{Heap before GC invocations=5 (full 0):
 garbage-first heap   total 122880K, used 62639K [0x0000000080000000, 0x0000000100000000)
  region size 1024K, 44 young (45056K), 1 survivors (1024K)
 Metaspace       used 24956K, capacity 25517K, committed 25648K, reserved 538624K
  class space    used 3108K, capacity 3350K, committed 3456K, reserved 516096K
}
Event: 35.790 GC heap after
{Heap after GC invocations=6 (full 0):
 garbage-first heap   total 122880K, used 20275K [0x0000000080000000, 0x0000000100000000)
  region size 1024K, 3 young (3072K), 3 survivors (3072K)
 Metaspace       used 24956K, capacity 25517K, committed 25648K, reserved 538624K
  class space    used 3108K, capacity 3350K, committed 3456K, reserved 516096K
}
Event: 40.694 GC heap before
{Heap before GC invocations=6 (full 0):
 garbage-first heap   total 122880K, used 68403K [0x0000000080000000, 0x0000000100000000)
  region size 1024K, 50 young (51200K), 3 survivors (3072K)
 Metaspace       used 29751K, capacity 30478K, committed 30768K, reserved 542720K
  class space    used 3856K, capacity 4138K, committed 4224K, reserved 516096K
}
Event: 40.700 GC heap after
{Heap after GC invocations=7 (full 0):
 garbage-first heap   total 122880K, used 21980K [0x0000000080000000, 0x0000000100000000)
  region size 1024K, 4 young (4096K), 4 survivors (4096K)
 Metaspace       used 29751K, capacity 30478K, committed 30768K, reserved 542720K
  class space    used 3856K, capacity 4138K, committed 4224K, reserved 516096K
}
Event: 45.158 GC heap before
{Heap before GC invocations=7 (full 0):
 garbage-first heap   total 122880K, used 56796K [0x0000000080000000, 0x0000000100000000)
  region size 1024K, 39 young (39936K), 4 survivors (4096K)
 Metaspace       used 34985K, capacity 35820K, committed 35920K, reserved 548864K
  class space    used 4448K, capacity 4814K, committed 4864K, reserved 516096K
}
Event: 45.172 GC heap after
{Heap after GC invocations=8 (full 0):
 garbage-first heap   total 122880K, used 24411K [0x0000000080000000, 0x0000000100000000)
  region size 1024K, 6 young (6144K), 6 survivors (6144K)
 Metaspace       used 34985K, capacity 35820K, committed 35920K, reserved 548864K
  class space    used 4448K, capacity 4814K, committed 4864K, reserved 516096K
}
Event: 50.911 GC heap before
{Heap before GC invocations=9 (full 0):
 garbage-first heap   total 122880K, used 77659K [0x0000000080000000, 0x0000000100000000)
  region size 1024K, 55 young (56320K), 6 survivors (6144K)
 Metaspace       used 40834K, capacity 41847K, committed 41936K, reserved 552960K
  class space    used 5117K, capacity 5496K, committed 5504K, reserved 516096K
}
Event: 50.939 GC heap after
{Heap after GC invocations=10 (full 0):
 garbage-first heap   total 122880K, used 28410K [0x0000000080000000, 0x0000000100000000)
  region size 1024K, 7 young (7168K), 7 survivors (7168K)
 Metaspace       used 40834K, capacity 41847K, committed 41936K, reserved 552960K
  class space    used 5117K, capacity 5496K, committed 5504K, reserved 516096K
}

